<?xml version="1.0" encoding="UTF-8"?>
<testng-results skipped="0" failed="0" total="1" passed="1">
  <reporter-output>
  </reporter-output>
  <suite name="Default suite" duration-ms="26885" started-at="2016-10-11T19:34:35Z" finished-at="2016-10-11T19:35:02Z">
    <groups>
    </groups>
    <test name="Default test" duration-ms="26885" started-at="2016-10-11T19:34:35Z" finished-at="2016-10-11T19:35:02Z">
      <class name="com.valtech.test.ContactsList">
        <test-method status="PASS" signature="Initiation()[pri:0, instance:com.valtech.test.ContactsList@6ad5c04e]" name="Initiation" is-config="true" duration-ms="20349" started-at="2016-10-11T20:34:35Z" finished-at="2016-10-11T20:34:55Z">
          <reporter-output>
          </reporter-output>
        </test-method> <!-- Initiation -->
        <test-method status="PASS" signature="contactsList()[pri:0, instance:com.valtech.test.ContactsList@6ad5c04e]" name="contactsList" duration-ms="3495" started-at="2016-10-11T20:34:55Z" finished-at="2016-10-11T20:34:59Z">
          <reporter-output>
          </reporter-output>
        </test-method> <!-- contactsList -->
        <test-method status="PASS" signature="tearDown()[pri:0, instance:com.valtech.test.ContactsList@6ad5c04e]" name="tearDown" is-config="true" duration-ms="3009" started-at="2016-10-11T20:34:59Z" finished-at="2016-10-11T20:35:02Z">
          <reporter-output>
          </reporter-output>
        </test-method> <!-- tearDown -->
      </class> <!-- com.valtech.test.ContactsList -->
    </test> <!-- Default test -->
  </suite> <!-- Default suite -->
</testng-results>
